[InvitationsService] Finding invitations for businessId: "699f4ae941f0a67bb7b65054" at 2026-03-17T18:31:40.560Z
[UsersService] Finding all users for businessId: "699f4ae941f0a67bb7b65054" at 2026-03-17T18:31:40.582Z
[InvitationsService] Found 0 invitations
[UsersService] Found 2 users
[UsersService] Finding all users for businessId: "699f4ae941f0a67bb7b65054" at 2026-03-17T18:31:43.296Z
[InvitationsService] Finding invitations for businessId: "699f4ae941f0a67bb7b65054" at 2026-03-17T18:31:43.584Z
[InvitationsService] Found 0 invitations
[UsersService] Found 2 users
[UsersService] Finding all users for businessId: "699f4ae941f0a67bb7b65054" at 2026-03-17T18:31:57.121Z
[UsersService] Found 2 users
[InvitationsService] Finding invitations for businessId: "699f4ae941f0a67bb7b65054" at 2026-03-17T18:32:46.709Z
[InvitationsService] Found 0 invitations
[UsersService] Finding all users for businessId: "699f4ae941f0a67bb7b65054" at 2026-03-17T18:32:46.737Z
[UsersService] Found 2 users
[InvitationsService] Finding invitations for businessId: "699f4ae941f0a67bb7b65054" at 2026-03-17T18:39:02.645Z
[UsersService] Finding all users for businessId: "699f4ae941f0a67bb7b65054" at 2026-03-17T18:39:02.652Z
[InvitationsService] Found 0 invitations
[UsersService] Found 2 users
[UsersService] Finding all users for businessId: "699f4ae941f0a67bb7b65054" at 2026-03-17T18:39:05.075Z
[InvitationsService] Finding invitations for businessId: "699f4ae941f0a67bb7b65054" at 2026-03-17T18:39:05.077Z
[InvitationsService] Found 0 invitations
[UsersService] Found 2 users
[UsersService] Finding all users for businessId: "699f4ae941f0a67bb7b65054" at 2026-03-17T18:39:20.432Z
[InvitationsService] Finding invitations for businessId: "699f4ae941f0a67bb7b65054" at 2026-03-17T18:39:20.433Z
[InvitationsService] Found 0 invitations
[UsersService] Found 2 users
[UsersService] Finding all users for businessId: "699f4ae941f0a67bb7b65054" at 2026-03-17T18:39:59.918Z
[InvitationsService] Finding invitations for businessId: "699f4ae941f0a67bb7b65054" at 2026-03-17T18:39:59.920Z
[InvitationsService] Found 0 invitations
[UsersService] Found 2 users
[InvitationsService] Finding invitations for businessId: "699f4ae941f0a67bb7b65054" at 2026-03-17T18:41:36.633Z
[UsersService] Finding all users for businessId: "699f4ae941f0a67bb7b65054" at 2026-03-17T18:41:36.674Z
[InvitationsService] Found 0 invitations
[UsersService] Found 2 users
[UsersService] Finding all users for businessId: "699f4ae941f0a67bb7b65054" at 2026-03-17T18:44:05.863Z
[InvitationsService] Finding invitations for businessId: "699f4ae941f0a67bb7b65054" at 2026-03-17T18:44:05.864Z
[InvitationsService] Found 0 invitations
[UsersService] Found 2 users
[UsersService] Finding all users for businessId: "699f4ae941f0a67bb7b65054" at 2026-03-17T18:44:48.903Z
[InvitationsService] Finding invitations for businessId: "699f4ae941f0a67bb7b65054" at 2026-03-17T18:44:48.955Z
[UsersService] Found 2 users
[InvitationsService] Found 0 invitations
[InvitationsService] Finding invitations for businessId: "699f4ae941f0a67bb7b65054" at 2026-03-17T18:45:06.845Z
[InvitationsService] Found 0 invitations
[UsersService] Finding all users for businessId: "699f4ae941f0a67bb7b65054" at 2026-03-17T18:45:06.861Z
[UsersService] Found 2 users
[UsersService] Finding all users for businessId: "699f4ae941f0a67bb7b65054" at 2026-03-17T18:46:33.647Z
[InvitationsService] Finding invitations for businessId: "699f4ae941f0a67bb7b65054" at 2026-03-17T18:46:33.653Z
[InvitationsService] Found 0 invitations
[UsersService] Found 2 users
[UsersService] Finding all users for businessId: "699f4ae941f0a67bb7b65054" at 2026-03-17T18:46:37.306Z
[UsersService] Found 2 users
[InvitationsService] Finding invitations for businessId: "699f4ae941f0a67bb7b65054" at 2026-03-17T18:47:16.968Z
[InvitationsService] Found 0 invitations
[UsersService] Finding all users for businessId: "699f4ae941f0a67bb7b65054" at 2026-03-17T18:47:17.820Z
[UsersService] Found 2 users
[InvitationsService] Finding invitations for businessId: "699f4ae941f0a67bb7b65054" at 2026-03-17T18:47:18.041Z
[InvitationsService] Found 0 invitations
[UsersService] Finding all users for businessId: "699f4ae941f0a67bb7b65054" at 2026-03-17T18:48:14.848Z
[InvitationsService] Finding invitations for businessId: "699f4ae941f0a67bb7b65054" at 2026-03-17T18:48:14.863Z
[UsersService] Found 2 users
[InvitationsService] Found 0 invitations
[InvitationsService] Finding invitations for businessId: "699f4ae941f0a67bb7b65054" at 2026-03-17T18:49:14.026Z
[UsersService] Finding all users for businessId: "699f4ae941f0a67bb7b65054" at 2026-03-17T18:49:14.028Z
[InvitationsService] Found 0 invitations
[UsersService] Found 2 users
[UsersService] Finding all users for businessId: "699f4ae941f0a67bb7b65054" at 2026-03-17T18:51:39.799Z
[InvitationsService] Finding invitations for businessId: "699f4ae941f0a67bb7b65054" at 2026-03-17T18:51:39.830Z
[InvitationsService] Found 0 invitations
[UsersService] Found 2 users
[InvitationsService] Finding invitations for businessId: "699f4ae941f0a67bb7b65054" at 2026-03-17T18:51:41.149Z
[UsersService] Finding all users for businessId: "699f4ae941f0a67bb7b65054" at 2026-03-17T18:51:41.151Z
[InvitationsService] Found 0 invitations
[UsersService] Found 2 users
[UsersService] Finding all users for businessId: "699f4ae941f0a67bb7b65054" at 2026-03-17T18:51:57.954Z
[UsersService] Found 2 users
[UsersService] Finding all users for businessId: "699f4ae941f0a67bb7b65054" at 2026-03-17T18:51:59.940Z
[UsersService] Found 2 users
[UsersService] Finding all users for businessId: "699f4ae941f0a67bb7b65054" at 2026-03-17T18:52:31.915Z
[UsersService] Found 2 users
[InvitationsService] Finding invitations for businessId: "699f4ae941f0a67bb7b65054" at 2026-03-17T18:52:31.936Z
[InvitationsService] Found 0 invitations
[InvitationsService] Finding invitations for businessId: "699f4ae941f0a67bb7b65054" at 2026-03-17T18:53:09.659Z
[UsersService] Finding all users for businessId: "699f4ae941f0a67bb7b65054" at 2026-03-17T18:53:09.692Z
[InvitationsService] Found 0 invitations
[UsersService] Found 2 users
[InvitationsService] Finding invitations for businessId: "699f4ae941f0a67bb7b65054" at 2026-03-17T18:53:12.526Z
[UsersService] Finding all users for businessId: "699f4ae941f0a67bb7b65054" at 2026-03-17T18:53:12.606Z
[InvitationsService] Found 0 invitations
[UsersService] Found 2 users
[UsersService] Finding all users for businessId: "699f4ae941f0a67bb7b65054" at 2026-03-17T18:53:24.591Z
[UsersService] Found 2 users
[InvitationsService] Finding invitations for businessId: "699f4ae941f0a67bb7b65054" at 2026-03-17T18:53:25.060Z
[InvitationsService] Found 0 invitations
[InvitationsService] Finding invitations for businessId: "699f4ae941f0a67bb7b65054" at 2026-03-17T18:53:36.506Z
[InvitationsService] Found 0 invitations
[UsersService] Finding all users for businessId: "699f4ae941f0a67bb7b65054" at 2026-03-17T18:53:36.652Z
[UsersService] Found 2 users
[InvitationsService] Finding invitations for businessId: "699f4ae941f0a67bb7b65054" at 2026-03-17T19:01:25.280Z
[UsersService] Finding all users for businessId: "699f4ae941f0a67bb7b65054" at 2026-03-17T19:01:25.283Z
[InvitationsService] Found 0 invitations
[UsersService] Found 2 users
[UsersService] Finding all users for businessId: "699f4ae941f0a67bb7b65054" at 2026-03-17T19:01:28.014Z
[InvitationsService] Finding invitations for businessId: "699f4ae941f0a67bb7b65054" at 2026-03-17T19:01:28.036Z
[InvitationsService] Found 0 invitations
[UsersService] Found 2 users
[UsersService] Attempting to remove user 69b9871aa69abdb359cc1167. Target user businessId: 699f4ae941f0a67bb7b65054, Requesting businessId: undefined at 2026-03-17T19:01:30.873Z
[UsersService] Unauthorized removal attempt: 699f4ae941f0a67bb7b65054 !== undefined
[InvitationsService] Finding invitations for businessId: "699f4ae941f0a67bb7b65054" at 2026-03-17T19:01:35.378Z
[UsersService] Finding all users for businessId: "699f4ae941f0a67bb7b65054" at 2026-03-17T19:01:35.498Z
[InvitationsService] Found 0 invitations
[UsersService] Found 2 users
[UsersService] Attempting to remove user 69b9871aa69abdb359cc1167. Target user businessId: 699f4ae941f0a67bb7b65054, Requesting businessId: undefined at 2026-03-17T19:01:40.478Z
[UsersService] Unauthorized removal attempt: 699f4ae941f0a67bb7b65054 !== undefined
[UsersService] Finding all users for businessId: "699f4ae941f0a67bb7b65054" at 2026-03-17T19:01:55.569Z
[InvitationsService] Finding invitations for businessId: "699f4ae941f0a67bb7b65054" at 2026-03-17T19:01:55.582Z
[UsersService] Found 2 users
[InvitationsService] Found 0 invitations
[UsersService] Finding all users for businessId: "699f4ae941f0a67bb7b65054" at 2026-03-17T19:02:09.872Z
[InvitationsService] Finding invitations for businessId: "699f4ae941f0a67bb7b65054" at 2026-03-17T19:02:09.876Z
[InvitationsService] Found 0 invitations
[UsersService] Found 2 users
[UsersService] Finding all users for businessId: "699f4ae941f0a67bb7b65054" at 2026-03-17T19:02:15.497Z
[InvitationsService] Finding invitations for businessId: "699f4ae941f0a67bb7b65054" at 2026-03-17T19:02:15.518Z
[UsersService] Found 2 users
[InvitationsService] Found 0 invitations
[UsersService] Finding all users for businessId: "699f4ae941f0a67bb7b65054" at 2026-03-17T19:02:19.242Z
[UsersService] Found 2 users
[InvitationsService] Finding invitations for businessId: "699f4ae941f0a67bb7b65054" at 2026-03-17T19:02:19.262Z
[InvitationsService] Found 0 invitations
[UsersService] Finding all users for businessId: "699f4ae941f0a67bb7b65054" at 2026-03-17T19:03:01.407Z
[InvitationsService] Finding invitations for businessId: "699f4ae941f0a67bb7b65054" at 2026-03-17T19:03:01.423Z
[InvitationsService] Found 0 invitations
[UsersService] Found 2 users
[UsersResolver] removeTeamMember: userId=69b9871aa69abdb359cc1167, currentUserId=69a86e7a0fa1ac4988320c75, currentUserBusinessId=undefined, keys=id,email,password,name,createdAt,updatedAt,isSystemAdmin
[UsersService] Attempting to remove user 69b9871aa69abdb359cc1167. Target user businessId: 699f4ae941f0a67bb7b65054, Requesting businessId: undefined at 2026-03-17T19:03:02.584Z
[UsersService] Unauthorized removal attempt: 699f4ae941f0a67bb7b65054 !== undefined
[UsersService] Finding all users for businessId: "699f4ae941f0a67bb7b65054" at 2026-03-17T19:03:05.124Z
[InvitationsService] Finding invitations for businessId: "699f4ae941f0a67bb7b65054" at 2026-03-17T19:03:05.136Z
[InvitationsService] Found 0 invitations
[UsersService] Found 2 users
[UsersResolver] removeTeamMember: userId=69b9871aa69abdb359cc1167, currentUserId=69a86e7a0fa1ac4988320c75, currentUserBusinessId=undefined, keys=id,email,password,name,createdAt,updatedAt,isSystemAdmin
[UsersService] Attempting to remove user 69b9871aa69abdb359cc1167. Target user businessId: 699f4ae941f0a67bb7b65054, Requesting businessId: undefined at 2026-03-17T19:03:11.143Z
[UsersService] Unauthorized removal attempt: 699f4ae941f0a67bb7b65054 !== undefined
[UsersService] Finding all users for businessId: "699f4ae941f0a67bb7b65054" at 2026-03-17T19:03:34.142Z
[UsersService] Found 2 users
[InvitationsService] Finding invitations for businessId: "699f4ae941f0a67bb7b65054" at 2026-03-17T19:03:34.261Z
[InvitationsService] Found 0 invitations
[InvitationsService] Finding invitations for businessId: "699f4ae941f0a67bb7b65054" at 2026-03-17T19:07:12.026Z
[UsersService] Finding all users for businessId: "699f4ae941f0a67bb7b65054" at 2026-03-17T19:07:12.032Z
[InvitationsService] Found 0 invitations
[UsersService] Found 2 users
[UsersResolver] removeTeamMember: userId=69b9871aa69abdb359cc1167, currentUserId=69a86e7a0fa1ac4988320c75, currentUserBusinessId=undefined, keys=id,email,password,name,createdAt,updatedAt,isSystemAdmin
[UsersService] Attempting to remove user 69b9871aa69abdb359cc1167. Target user businessId: 699f4ae941f0a67bb7b65054, Requesting businessId: undefined at 2026-03-17T19:07:15.625Z
[UsersService] Unauthorized removal attempt: 699f4ae941f0a67bb7b65054 !== undefined
[UsersService] Finding all users for businessId: "699f4ae941f0a67bb7b65054" at 2026-03-17T19:07:26.248Z
[UsersService] Found 2 users
[InvitationsService] Finding invitations for businessId: "699f4ae941f0a67bb7b65054" at 2026-03-17T19:07:26.288Z
[InvitationsService] Found 0 invitations
[UsersService] Finding all users for businessId: "699f4ae941f0a67bb7b65054" at 2026-03-17T19:08:40.582Z
[InvitationsService] Finding invitations for businessId: "699f4ae941f0a67bb7b65054" at 2026-03-17T19:08:40.588Z
[UsersService] Found 2 users
[InvitationsService] Found 0 invitations
[UsersService] Finding all users for businessId: "699f4ae941f0a67bb7b65054" at 2026-03-17T19:09:31.232Z
[InvitationsService] Finding invitations for businessId: "699f4ae941f0a67bb7b65054" at 2026-03-17T19:09:31.234Z
[InvitationsService] Found 0 invitations
[UsersService] Found 2 users
[UsersResolver] removeTeamMember: userId=69b9871aa69abdb359cc1167, currentUserId=69a86e7a0fa1ac4988320c75, currentUserBusinessId=699f4ae941f0a67bb7b65054, keys=id,email,password,firstName,lastName,businessId,roleIds,aiTone,aiHashtags,aiCaptionLength,aiIncludeEmojis,createdAt,updatedAt,business,roles,name,isSystemAdmin
[UsersService] Attempting to remove user 69b9871aa69abdb359cc1167. Target user businessId: 699f4ae941f0a67bb7b65054, Requesting businessId: 699f4ae941f0a67bb7b65054 at 2026-03-17T19:12:13.924Z
[UsersService] Finding all users for businessId: "699f4ae941f0a67bb7b65054" at 2026-03-17T19:12:14.206Z
[UsersService] Found 1 users
[InvitationsService] Finding invitations for businessId: "699f4ae941f0a67bb7b65054" at 2026-03-17T19:12:27.232Z
[InvitationsService] Found 1 invitations
[UsersService] Finding all users for businessId: "699f4ae941f0a67bb7b65054" at 2026-03-17T19:12:36.193Z
[UsersService] Found 1 users
[InvitationsService] Finding invitations for businessId: "699f4ae941f0a67bb7b65054" at 2026-03-17T19:12:36.304Z
[InvitationsService] Found 1 invitations
[UsersService] Finding all users for businessId: "699f4ae941f0a67bb7b65054" at 2026-03-17T19:13:23.722Z
[UsersService] Found 2 users
[InvitationsService] Finding invitations for businessId: "699f4ae941f0a67bb7b65054" at 2026-03-17T19:13:23.766Z
[InvitationsService] Found 0 invitations
[AuthService] getMe for savyoffers@gmail.com: businessId=699f4ae941f0a67bb7b65054
[UsersService] Finding all users for businessId: "699f4ae941f0a67bb7b65054" at 2026-03-17T19:13:51.070Z
[InvitationsService] Finding invitations for businessId: "699f4ae941f0a67bb7b65054" at 2026-03-17T19:13:51.073Z
[InvitationsService] Found 0 invitations
[UsersService] Found 2 users
[InvitationsService] Finding invitations for businessId: "699f4ae941f0a67bb7b65054" at 2026-03-17T19:14:09.347Z
[UsersService] Finding all users for businessId: "699f4ae941f0a67bb7b65054" at 2026-03-17T19:14:09.348Z
[InvitationsService] Found 0 invitations
[UsersService] Found 2 users
[UsersService] Finding all users for businessId: "699f4ae941f0a67bb7b65054" at 2026-03-17T19:14:11.346Z
[InvitationsService] Finding invitations for businessId: "699f4ae941f0a67bb7b65054" at 2026-03-17T19:14:11.351Z
[UsersService] Found 2 users
[InvitationsService] Found 0 invitations
[InvitationsService] Finding invitations for businessId: "699f4ae941f0a67bb7b65054" at 2026-03-17T19:14:41.761Z
[UsersService] Finding all users for businessId: "699f4ae941f0a67bb7b65054" at 2026-03-17T19:14:41.762Z
[InvitationsService] Found 0 invitations
[UsersService] Found 2 users
[UsersService] Finding all users for businessId: "699f4ae941f0a67bb7b65054" at 2026-03-17T19:14:44.917Z
[InvitationsService] Finding invitations for businessId: "699f4ae941f0a67bb7b65054" at 2026-03-17T19:14:44.920Z
[InvitationsService] Found 0 invitations
[UsersService] Found 2 users
[UsersService] Finding all users for businessId: "699f4ae941f0a67bb7b65054" at 2026-03-17T19:15:04.161Z
[InvitationsService] Finding invitations for businessId: "699f4ae941f0a67bb7b65054" at 2026-03-17T19:15:04.174Z
[InvitationsService] Found 0 invitations
[UsersService] Found 2 users
[UsersService] Finding all users for businessId: "699f4ae941f0a67bb7b65054" at 2026-03-17T19:15:05.516Z
[InvitationsService] Finding invitations for businessId: "699f4ae941f0a67bb7b65054" at 2026-03-17T19:15:05.518Z
[InvitationsService] Found 0 invitations
[UsersService] Found 2 users
[UsersService] Finding all users for businessId: "699f4ae941f0a67bb7b65054" at 2026-03-17T19:15:14.257Z
[UsersService] Found 2 users
[UsersService] Finding all users for businessId: "699f4ae941f0a67bb7b65054" at 2026-03-17T19:15:14.986Z
[UsersService] Found 2 users
[InvitationsService] Finding invitations for businessId: "699f4ae941f0a67bb7b65054" at 2026-03-17T19:15:15.085Z
[InvitationsService] Found 0 invitations
[InvitationsService] Finding invitations for businessId: "699f4ae941f0a67bb7b65054" at 2026-03-17T19:15:15.947Z
[InvitationsService] Found 0 invitations
[UsersService] Finding all users for businessId: "699f4ae941f0a67bb7b65054" at 2026-03-17T19:15:15.960Z
[UsersService] Found 2 users
[UsersService] Finding all users for businessId: "699f4ae941f0a67bb7b65054" at 2026-03-17T19:15:30.164Z
[InvitationsService] Finding invitations for businessId: "699f4ae941f0a67bb7b65054" at 2026-03-17T19:15:30.182Z
[InvitationsService] Found 0 invitations
[UsersService] Found 2 users
[UsersService] Finding all users for businessId: "699f4ae941f0a67bb7b65054" at 2026-03-17T19:18:23.329Z
[InvitationsService] Finding invitations for businessId: "699f4ae941f0a67bb7b65054" at 2026-03-17T19:18:23.333Z
[InvitationsService] Found 0 invitations
[UsersService] Found 2 users
[UsersService] Finding all users for businessId: "699f4ae941f0a67bb7b65054" at 2026-03-17T19:19:27.123Z
[InvitationsService] Finding invitations for businessId: "699f4ae941f0a67bb7b65054" at 2026-03-17T19:19:27.125Z
[InvitationsService] Found 0 invitations
[UsersService] Found 2 users
[UsersService] Finding all users for businessId: "699f4ae941f0a67bb7b65054" at 2026-03-17T19:19:38.638Z
[UsersService] Found 2 users
[InvitationsService] Finding invitations for businessId: "699f4ae941f0a67bb7b65054" at 2026-03-17T19:19:38.646Z
[InvitationsService] Found 0 invitations
[UsersService] Finding all users for businessId: "69b9b0c9a615442c750eb73d" at 2026-03-17T20:03:21.832Z
[InvitationsService] Finding invitations for businessId: "69b9b0c9a615442c750eb73d" at 2026-03-17T20:03:21.837Z
[UsersService] Found 1 users
[InvitationsService] Found 0 invitations
[UsersService] Finding all users for businessId: "69b9b0c9a615442c750eb73d" at 2026-03-17T20:03:35.542Z
[InvitationsService] Finding invitations for businessId: "69b9b0c9a615442c750eb73d" at 2026-03-17T20:03:35.543Z
[InvitationsService] Found 0 invitations
[UsersService] Found 1 users
[InvitationsService] Finding invitations for businessId: "69b9b0c9a615442c750eb73d" at 2026-03-17T20:03:43.021Z
[InvitationsService] Found 0 invitations
[UsersService] Finding all users for businessId: "69b9b0c9a615442c750eb73d" at 2026-03-17T20:03:43.056Z
[UsersService] Found 1 users
[UsersService] Finding all users for businessId: "69b9b0c9a615442c750eb73d" at 2026-03-17T20:03:47.048Z
[UsersService] Found 1 users
[InvitationsService] Finding invitations for businessId: "69b9b0c9a615442c750eb73d" at 2026-03-17T20:03:47.064Z
[InvitationsService] Found 0 invitations
[UsersService] Finding all users for businessId: "69b9b0c9a615442c750eb73d" at 2026-03-17T20:03:53.207Z
[InvitationsService] Finding invitations for businessId: "69b9b0c9a615442c750eb73d" at 2026-03-17T20:03:53.224Z
[InvitationsService] Found 0 invitations
[UsersService] Found 1 users
[UsersService] Finding all users for businessId: "69b9b0c9a615442c750eb73d" at 2026-03-17T20:04:22.798Z
[InvitationsService] Finding invitations for businessId: "69b9b0c9a615442c750eb73d" at 2026-03-17T20:04:22.807Z
[UsersService] Found 1 users
[InvitationsService] Found 0 invitations
[UsersService] Finding all users for businessId: "69b9b0c9a615442c750eb73d" at 2026-03-17T20:06:34.255Z
[UsersService] Found 1 users
[InvitationsService] Finding invitations for businessId: "69b9b0c9a615442c750eb73d" at 2026-03-17T20:06:34.271Z
[InvitationsService] Found 0 invitations
[InvitationsService] Finding invitations for businessId: "69b9b0c9a615442c750eb73d" at 2026-03-17T20:06:38.874Z
[InvitationsService] Found 0 invitations
[InvitationsService] Finding invitations for businessId: "69b9b0c9a615442c750eb73d" at 2026-03-17T20:07:13.019Z
[UsersService] Finding all users for businessId: "69b9b0c9a615442c750eb73d" at 2026-03-17T20:07:13.021Z
[InvitationsService] Found 0 invitations
[UsersService] Found 2 users
[UsersService] Finding all users for businessId: "69b9b0c9a615442c750eb73d" at 2026-03-17T20:07:18.789Z
[InvitationsService] Finding invitations for businessId: "69b9b0c9a615442c750eb73d" at 2026-03-17T20:07:18.790Z
[InvitationsService] Found 0 invitations
[UsersService] Found 2 users
[InvitationsService] Finding invitations for businessId: "69b9b0c9a615442c750eb73d" at 2026-03-17T20:07:24.065Z
[InvitationsService] Found 0 invitations
[UsersService] Finding all users for businessId: "69b9b0c9a615442c750eb73d" at 2026-03-17T20:07:24.078Z
[UsersService] Found 2 users
[UsersService] Finding all users for businessId: "69b9b0c9a615442c750eb73d" at 2026-03-17T20:07:30.198Z
[UsersService] Found 2 users
[InvitationsService] Finding invitations for businessId: "69b9b0c9a615442c750eb73d" at 2026-03-17T20:07:42.673Z
[UsersService] Finding all users for businessId: "69b9b0c9a615442c750eb73d" at 2026-03-17T20:07:42.677Z
[InvitationsService] Found 0 invitations
[UsersService] Found 2 users
[UsersService] Finding all users for businessId: "69b9b0c9a615442c750eb73d" at 2026-03-17T20:07:51.137Z
[InvitationsService] Finding invitations for businessId: "69b9b0c9a615442c750eb73d" at 2026-03-17T20:07:51.139Z
[InvitationsService] Found 0 invitations
[UsersService] Found 2 users
[InvitationsService] Finding invitations for businessId: "69b9b0c9a615442c750eb73d" at 2026-03-17T20:07:57.660Z
[InvitationsService] Found 0 invitations
[UsersService] Finding all users for businessId: "69b9b0c9a615442c750eb73d" at 2026-03-17T20:07:57.669Z
[UsersService] Found 2 users
[UsersService] Finding all users for businessId: "69b9b0c9a615442c750eb73d" at 2026-03-17T20:08:00.390Z
[UsersService] Found 2 users
[InvitationsService] Finding invitations for businessId: "69b9b0c9a615442c750eb73d" at 2026-03-17T20:08:04.640Z
[UsersService] Finding all users for businessId: "69b9b0c9a615442c750eb73d" at 2026-03-17T20:08:04.642Z
[InvitationsService] Found 0 invitations
[UsersService] Found 2 users
[InvitationsService] Finding invitations for businessId: "69b9b0c9a615442c750eb73d" at 2026-03-17T20:08:08.529Z
[UsersService] Finding all users for businessId: "69b9b0c9a615442c750eb73d" at 2026-03-17T20:08:08.530Z
[InvitationsService] Found 0 invitations
[UsersService] Found 2 users
[UsersService] Finding all users for businessId: "69b9b0c9a615442c750eb73d" at 2026-03-17T20:08:10.494Z
[InvitationsService] Finding invitations for businessId: "69b9b0c9a615442c750eb73d" at 2026-03-17T20:08:10.497Z
[InvitationsService] Found 0 invitations
[UsersService] Found 2 users
[UsersService] Finding all users for businessId: "69b9b0c9a615442c750eb73d" at 2026-03-17T20:08:34.757Z
[InvitationsService] Finding invitations for businessId: "69b9b0c9a615442c750eb73d" at 2026-03-17T20:08:34.767Z
[InvitationsService] Found 0 invitations
[UsersService] Found 2 users
[UsersService] Finding all users for businessId: "69b9b0c9a615442c750eb73d" at 2026-03-17T20:08:41.694Z
[InvitationsService] Finding invitations for businessId: "69b9b0c9a615442c750eb73d" at 2026-03-17T20:08:41.701Z
[InvitationsService] Found 0 invitations
[UsersService] Found 2 users
[UsersService] Finding all users for businessId: "69b9b0c9a615442c750eb73d" at 2026-03-17T20:08:45.732Z
[InvitationsService] Finding invitations for businessId: "69b9b0c9a615442c750eb73d" at 2026-03-17T20:08:45.735Z
[InvitationsService] Found 0 invitations
[UsersService] Found 2 users
[InvitationsService] Finding invitations for businessId: "69b9b0c9a615442c750eb73d" at 2026-03-17T20:09:02.333Z
[InvitationsService] Found 0 invitations
[UsersService] Finding all users for businessId: "69b9b0c9a615442c750eb73d" at 2026-03-17T20:09:02.338Z
[UsersService] Found 2 users
[UsersService] Finding all users for businessId: "69b9b0c9a615442c750eb73d" at 2026-03-17T20:10:58.834Z
[UsersService] Found 2 users
[InvitationsService] Finding invitations for businessId: "69b9b0c9a615442c750eb73d" at 2026-03-17T20:10:58.867Z
[InvitationsService] Found 0 invitations
[InvitationsService] Finding invitations for businessId: "69b9b0c9a615442c750eb73d" at 2026-03-17T20:13:17.908Z
[InvitationsService] Found 0 invitations
[UsersService] Finding all users for businessId: "69b9b0c9a615442c750eb73d" at 2026-03-17T20:13:17.962Z
[UsersService] Found 2 users
[UsersService] Finding all users for businessId: "69b9b0c9a615442c750eb73d" at 2026-03-17T20:13:20.236Z
[UsersService] Found 2 users
[InvitationsService] Finding invitations for businessId: "69b9b0c9a615442c750eb73d" at 2026-03-17T20:13:20.258Z
[InvitationsService] Found 0 invitations
[UsersService] Finding all users for businessId: "69b9b0c9a615442c750eb73d" at 2026-03-17T20:13:38.285Z
[InvitationsService] Finding invitations for businessId: "69b9b0c9a615442c750eb73d" at 2026-03-17T20:13:38.288Z
[InvitationsService] Found 0 invitations
[UsersService] Found 2 users
[UsersService] Attempting to remove user 69b9b465bb44cfdba41ca8d8. Target user businessId: 69b9b0c9a615442c750eb73d, Requesting businessId: 69b9b0c9a615442c750eb73d at 2026-03-17T20:13:42.894Z
[UsersService] Finding all users for businessId: "69b9b0c9a615442c750eb73d" at 2026-03-17T20:13:43.114Z
[UsersService] Found 1 users
[UsersService] Finding all users for businessId: "69b9b0c9a615442c750eb73d" at 2026-03-17T20:14:05.858Z
[UsersService] Found 1 users
[InvitationsService] Finding invitations for businessId: "69b9b0c9a615442c750eb73d" at 2026-03-17T20:14:05.874Z
[InvitationsService] Found 0 invitations
[UsersService] Finding all users for businessId: "69b9b0c9a615442c750eb73d" at 2026-03-17T20:15:35.333Z
[UsersService] Found 1 users
[InvitationsService] Finding invitations for businessId: "69b9b0c9a615442c750eb73d" at 2026-03-17T20:15:35.349Z
[InvitationsService] Found 0 invitations
[InvitationsService] Finding invitations for businessId: "69b9b0c9a615442c750eb73d" at 2026-03-17T20:16:02.607Z
[InvitationsService] Found 0 invitations
[UsersService] Finding all users for businessId: "69b9b0c9a615442c750eb73d" at 2026-03-17T20:16:02.621Z
[UsersService] Found 1 users
[InvitationsService] Finding invitations for businessId: "69b9b0c9a615442c750eb73d" at 2026-03-17T20:16:10.211Z
[InvitationsService] Found 0 invitations
[UsersService] Finding all users for businessId: "69b9b0c9a615442c750eb73d" at 2026-03-17T20:16:10.223Z
[UsersService] Found 1 users
[InvitationsService] Finding invitations for businessId: "699f4ae941f0a67bb7b65054" at 2026-03-17T20:26:19.936Z
[UsersService] Finding all users for businessId: "699f4ae941f0a67bb7b65054" at 2026-03-17T20:26:20.006Z
[InvitationsService] Found 0 invitations
[UsersService] Found 3 users
[UsersService] Finding all users for businessId: "699f4ae941f0a67bb7b65054" at 2026-03-17T20:26:26.297Z
[UsersService] Found 3 users
[UsersService] Finding all users for businessId: "699f4ae941f0a67bb7b65054" at 2026-03-17T20:40:42.370Z
[InvitationsService] Finding invitations for businessId: "699f4ae941f0a67bb7b65054" at 2026-03-17T20:40:42.372Z
[InvitationsService] Found 0 invitations
[UsersService] Found 3 users
[UsersService] Finding all users for businessId: "699f4ae941f0a67bb7b65054" at 2026-03-17T20:52:00.636Z
[UsersService] Found 3 users
[InvitationsService] Finding invitations for businessId: "699f4ae941f0a67bb7b65054" at 2026-03-17T20:52:00.651Z
[InvitationsService] Found 0 invitations
[UsersService] Finding all users for businessId: "69d3e83a0f51d2483ead0472" at 2026-04-06T17:38:45.071Z
[InvitationsService] Finding invitations for businessId: "69d3e83a0f51d2483ead0472" at 2026-04-06T17:38:45.202Z
[InvitationsService] Found 0 invitations
[UsersService] Found 1 users
[UsersService] Finding all users for businessId: "69a9bb6e9f6c27e7392f4c72" at 2026-04-08T17:29:10.893Z
[InvitationsService] Finding invitations for businessId: "69a9bb6e9f6c27e7392f4c72" at 2026-04-08T17:29:10.923Z
[UsersService] Found 0 users
[InvitationsService] Found 0 invitations
[UsersService] Finding all users for businessId: "69a9bb6e9f6c27e7392f4c72" at 2026-04-08T17:30:55.621Z
[UsersService] Found 0 users
[InvitationsService] Finding invitations for businessId: "69a9bb6e9f6c27e7392f4c72" at 2026-04-08T17:30:56.938Z
[InvitationsService] Found 0 invitations
[UsersService] Finding all users for businessId: "69a9bb6e9f6c27e7392f4c72" at 2026-04-08T17:38:47.962Z
[UsersService] Found 0 users
[InvitationsService] Finding invitations for businessId: "69a9bb6e9f6c27e7392f4c72" at 2026-04-08T17:38:48.541Z
[InvitationsService] Found 0 invitations
